<?xml version="1.0" encoding="UTF-8"?>
<testng-results skipped="0" failed="0" ignored="0" total="3" passed="3">
  <reporter-output>
  </reporter-output>
  <suite name="Suite" duration-ms="30043" started-at="2019-01-28T10:51:48Z" finished-at="2019-01-28T10:52:18Z">
    <groups>
    </groups>
    <test name="Chrome" duration-ms="11047" started-at="2019-01-28T10:51:48Z" finished-at="2019-01-28T10:51:59Z">
      <class name="automationFramework.MultiBrowser">
        <test-method status="PASS" signature="beforeTest(java.lang.String)[pri:0, instance:automationFramework.MultiBrowser@42d80b78]" name="beforeTest" is-config="true" duration-ms="8927" started-at="2019-01-28T10:51:48Z" finished-at="2019-01-28T10:51:57Z">
          <params>
            <param index="0">
              <value>
                <![CDATA[chrome]]>
              </value>
            </param>
          </params>
          <reporter-output>
          </reporter-output>
        </test-method> <!-- beforeTest -->
        <test-method status="PASS" signature="login()[pri:0, instance:automationFramework.MultiBrowser@42d80b78]" name="login" duration-ms="1463" started-at="2019-01-28T10:51:57Z" finished-at="2019-01-28T10:51:58Z">
          <reporter-output>
          </reporter-output>
        </test-method> <!-- login -->
        <test-method status="PASS" signature="afterTest()[pri:0, instance:automationFramework.MultiBrowser@42d80b78]" name="afterTest" is-config="true" duration-ms="614" started-at="2019-01-28T10:51:58Z" finished-at="2019-01-28T10:51:59Z">
          <reporter-output>
          </reporter-output>
        </test-method> <!-- afterTest -->
      </class> <!-- automationFramework.MultiBrowser -->
    </test> <!-- Chrome -->
    <test name="Firefox" duration-ms="12647" started-at="2019-01-28T10:51:59Z" finished-at="2019-01-28T10:52:12Z">
      <class name="automationFramework.MultiBrowser">
        <test-method status="PASS" signature="beforeTest(java.lang.String)[pri:0, instance:automationFramework.MultiBrowser@14bf9759]" name="beforeTest" is-config="true" duration-ms="9575" started-at="2019-01-28T10:51:59Z" finished-at="2019-01-28T10:52:09Z">
          <params>
            <param index="0">
              <value>
                <![CDATA[firefox]]>
              </value>
            </param>
          </params>
          <reporter-output>
          </reporter-output>
        </test-method> <!-- beforeTest -->
        <test-method status="PASS" signature="login()[pri:0, instance:automationFramework.MultiBrowser@14bf9759]" name="login" duration-ms="1917" started-at="2019-01-28T10:52:09Z" finished-at="2019-01-28T10:52:11Z">
          <reporter-output>
          </reporter-output>
        </test-method> <!-- login -->
        <test-method status="PASS" signature="afterTest()[pri:0, instance:automationFramework.MultiBrowser@14bf9759]" name="afterTest" is-config="true" duration-ms="1130" started-at="2019-01-28T10:52:11Z" finished-at="2019-01-28T10:52:12Z">
          <reporter-output>
          </reporter-output>
        </test-method> <!-- afterTest -->
      </class> <!-- automationFramework.MultiBrowser -->
    </test> <!-- Firefox -->
    <test name="IE" duration-ms="6295" started-at="2019-01-28T10:52:12Z" finished-at="2019-01-28T10:52:18Z">
      <class name="automationFramework.MultiBrowser">
        <test-method status="PASS" signature="beforeTest(java.lang.String)[pri:0, instance:automationFramework.MultiBrowser@6500df86]" name="beforeTest" is-config="true" duration-ms="3502" started-at="2019-01-28T10:52:12Z" finished-at="2019-01-28T10:52:15Z">
          <params>
            <param index="0">
              <value>
                <![CDATA[firefox]]>
              </value>
            </param>
          </params>
          <reporter-output>
          </reporter-output>
        </test-method> <!-- beforeTest -->
        <test-method status="PASS" signature="login()[pri:0, instance:automationFramework.MultiBrowser@6500df86]" name="login" duration-ms="1683" started-at="2019-01-28T10:52:15Z" finished-at="2019-01-28T10:52:17Z">
          <reporter-output>
          </reporter-output>
        </test-method> <!-- login -->
        <test-method status="PASS" signature="afterTest()[pri:0, instance:automationFramework.MultiBrowser@6500df86]" name="afterTest" is-config="true" duration-ms="1091" started-at="2019-01-28T10:52:17Z" finished-at="2019-01-28T10:52:18Z">
          <reporter-output>
          </reporter-output>
        </test-method> <!-- afterTest -->
      </class> <!-- automationFramework.MultiBrowser -->
    </test> <!-- IE -->
  </suite> <!-- Suite -->
</testng-results>
